#
# A fatal error has been detected by the Java Runtime Environment:
#
#  Internal Error (c:/BuildAgent/work/1eae4dac1d648407/src/hotspot/share/runtime/vmThread.cpp:733), pid=8480, tid=2356
#  fatal error: Nested VM operation CollectForMetadataAllocation requested by operation ChangeBreakpoints
#
# JRE version: OpenJDK Runtime Environment (11.0.6+8) (build 11.0.6+8-b765.25)
# Java VM: OpenJDK 64-Bit Server VM (11.0.6+8-b765.25, mixed mode, tiered, compressed oops, g1 gc, windows-amd64)
# No core dump will be written. Minidumps are not enabled by default on client versions of Windows
#
# If you would like to submit a bug report, please visit:
#   http://bugreport.java.com/bugreport/crash.jsp
#

---------------  S U M M A R Y ------------

Command Line: -agentlib:jdwp=transport=dt_socket,address=127.0.0.1:54640,suspend=y,server=n -javaagent:C:\Users\Alex\AppData\Local\JetBrains\IntelliJIdea2020.1\captureAgent\debugger-agent.jar -Dfile.encoding=UTF-8 SnakeGame

Host: Intel(R) Core(TM) i7-7700HQ CPU @ 2.80GHz, 8 cores, 15G,  Windows 10 , 64 bit Build 18362 (10.0.18362.778)
Time: Sat Apr 25 05:26:39 2020 Belarus Standard Time elapsed time: 3 seconds (0d 0h 0m 3s)

---------------  T H R E A D  ---------------

Current thread (0x0000021e703c9000):  VMThread "VM Thread" [stack: 0x0000004f22400000,0x0000004f22500000] [id=2356]

Stack: [0x0000004f22400000,0x0000004f22500000]
[error occurred during error reporting (printing stack bounds), id 0xc0000005, EXCEPTION_ACCESS_VIOLATION (0xc0000005) at pc=0x0000021e54570dad]

Native frames: (J=compiled Java code, j=interpreted, Vv=VM code, C=native code)
V  [jvm.dll+0x5de3ca]
V  [jvm.dll+0x710ae5]
V  [jvm.dll+0x712005]
V  [jvm.dll+0x712615]
V  [jvm.dll+0x7125cb]
V  [jvm.dll+0x5dd818]
V  [jvm.dll+0x5ddfb8]
C  [ntdll.dll+0xa11cf]
C  [ntdll.dll+0x6a209]
C  [ntdll.dll+0x9fe3e]
C  0x0000021e54570dad

VM_Operation (0x0000004f22eff190): ChangeBreakpoints, mode: safepoint, requested by thread 0x0000021e7071e800


---------------  P R O C E S S  ---------------

Threads class SMR info:
_java_thread_list=0x0000021e7857beb0, length=21, elements={
0x0000021e5048a800, 0x0000021e703cd000, 0x0000021e703ce000, 0x0000021e7042a800,
0x0000021e7042b800, 0x0000021e7042e000, 0x0000021e7042f000, 0x0000021e6fb10000,
0x0000021e705a7000, 0x0000021e7071e800, 0x0000021e7089c800, 0x0000021e70874800,
0x0000021e708e7800, 0x0000021e70b1c800, 0x0000021e70c62800, 0x0000021e70c86800,
0x0000021e70ea2000, 0x0000021e70902000, 0x0000021e70fe1000, 0x0000021e7aeb5000,
0x0000021e7dffc800
}

Java Threads: ( => current thread )
  0x0000021e5048a800 JavaThread "main" [_thread_blocked, id=2996, stack(0x0000004f21e00000,0x0000004f21f00000)]
  0x0000021e703cd000 JavaThread "Reference Handler" daemon [_thread_blocked, id=6996, stack(0x0000004f22500000,0x0000004f22600000)]
  0x0000021e703ce000 JavaThread "Finalizer" daemon [_thread_blocked, id=17044, stack(0x0000004f22600000,0x0000004f22700000)]
  0x0000021e7042a800 JavaThread "Signal Dispatcher" daemon [_thread_blocked, id=14204, stack(0x0000004f22700000,0x0000004f22800000)]
  0x0000021e7042b800 JavaThread "Attach Listener" daemon [_thread_blocked, id=2616, stack(0x0000004f22800000,0x0000004f22900000)]
  0x0000021e7042e000 JavaThread "C2 CompilerThread0" daemon [_thread_blocked, id=12140, stack(0x0000004f22900000,0x0000004f22a00000)]
  0x0000021e7042f000 JavaThread "C1 CompilerThread0" daemon [_thread_blocked, id=13752, stack(0x0000004f22a00000,0x0000004f22b00000)]
  0x0000021e6fb10000 JavaThread "Sweeper thread" daemon [_thread_blocked, id=2572, stack(0x0000004f22b00000,0x0000004f22c00000)]
  0x0000021e705a7000 JavaThread "Common-Cleaner" daemon [_thread_blocked, id=7300, stack(0x0000004f22c00000,0x0000004f22d00000)]
  0x0000021e7071e800 JavaThread "JDWP Transport Listener: dt_socket" daemon [_thread_blocked, id=12940, stack(0x0000004f22e00000,0x0000004f22f00000)]
  0x0000021e7089c800 JavaThread "JDWP Event Helper Thread" daemon [_thread_blocked, id=4756, stack(0x0000004f22f00000,0x0000004f23000000)]
  0x0000021e70874800 JavaThread "JDWP Command Reader" daemon [_thread_in_native, id=10308, stack(0x0000004f23000000,0x0000004f23100000)]
  0x0000021e708e7800 JavaThread "Service Thread" daemon [_thread_blocked, id=14768, stack(0x0000004f23100000,0x0000004f23200000)]
  0x0000021e70b1c800 JavaThread "QuantumRenderer-0" daemon [_thread_blocked, id=5556, stack(0x0000004f23300000,0x0000004f23400000)]
  0x0000021e70c62800 JavaThread "InvokeLaterDispatcher" daemon [_thread_blocked, id=7888, stack(0x0000004f23400000,0x0000004f23500000)]
  0x0000021e70c86800 JavaThread "JavaFX Application Thread" [_thread_blocked, id=14668, stack(0x0000004f23500000,0x0000004f23600000)]
  0x0000021e70ea2000 JavaThread "JavaFX-Launcher" [_thread_blocked, id=1460, stack(0x0000004f23a00000,0x0000004f23b00000)]
  0x0000021e70902000 JavaThread "Thread-2" daemon [_thread_blocked, id=8084, stack(0x0000004f23900000,0x0000004f23a00000)]
  0x0000021e70fe1000 JavaThread "Java2D Disposer" daemon [_thread_blocked, id=9312, stack(0x0000004f24000000,0x0000004f24100000)]
  0x0000021e7aeb5000 JavaThread "Prism Font Disposer" daemon [_thread_blocked, id=8648, stack(0x0000004f24500000,0x0000004f24600000)]
  0x0000021e7dffc800 JavaThread "Cleaner-0" daemon [_thread_blocked, id=1536, stack(0x0000004f24600000,0x0000004f24700000)]

Other Threads:
=>0x0000021e703c9000 VMThread "VM Thread" [stack: 0x0000004f22400000,0x0000004f22500000] [id=2356]
  0x0000021e708e9000 WatcherThread [stack: 0x0000004f23200000,0x0000004f23300000] [id=11660]
  0x0000021e504a5800 GCTaskThread "GC Thread#0" [stack: 0x0000004f21f00000,0x0000004f22000000] [id=17336]
  0x0000021e70c3c800 GCTaskThread "GC Thread#1" [stack: 0x0000004f23b00000,0x0000004f23c00000] [id=3588]
  0x0000021e70fe5000 GCTaskThread "GC Thread#2" [stack: 0x0000004f23c00000,0x0000004f23d00000] [id=17364]
  0x0000021e70fe2000 GCTaskThread "GC Thread#3" [stack: 0x0000004f23d00000,0x0000004f23e00000] [id=10808]
  0x0000021e71007800 GCTaskThread "GC Thread#4" [stack: 0x0000004f23e00000,0x0000004f23f00000] [id=19172]
  0x0000021e71008800 GCTaskThread "GC Thread#5" [stack: 0x0000004f23f00000,0x0000004f24000000] [id=5028]
  0x0000021e50503800 ConcurrentGCThread "G1 SnakeGame Marker" [stack: 0x0000004f22000000,0x0000004f22100000] [id=9916]
  0x0000021e50505000 ConcurrentGCThread "G1 Conc#0" [stack: 0x0000004f22100000,0x0000004f22200000] [id=13816]
  0x0000021e6f9ee000 ConcurrentGCThread "G1 Refine#0" [stack: 0x0000004f22200000,0x0000004f22300000] [id=772]
  0x0000021e6f9f0000 ConcurrentGCThread "G1 Young RemSet Sampling" [stack: 0x0000004f22300000,0x0000004f22400000] [id=2008]

Threads with active compile tasks:

VM state:at safepoint (normal execution)

VM Mutex/Monitor currently owned by a thread:  ([mutex/lock_event])
[0x0000021e4e3b3ed0] Threads_lock - owner thread: 0x0000021e703c9000

Heap address: 0x0000000702000000, size: 4064 MB, Compressed Oops mode: Zero based, Oop shift amount: 3
Narrow klass base: 0x0000000800000000, Narrow klass shift: 0
Compressed class space size: 1073741824 Address: 0x0000000800000000

Heap:
 garbage-first heap   total 260096K, used 40238K [0x0000000702000000, 0x0000000800000000)
  region size 1024K, 36 young (36864K), 3 survivors (3072K)
 Metaspace       used 20474K, capacity 21145K, committed 21248K, reserved 1067008K
  class space    used 2427K, capacity 2718K, committed 2816K, reserved 1048576K
Heap Regions: E=young(eden), S=young(survivor), O=old, HS=humongous(starts), HC=humongous(continues), CS=collection set, F=free, A=archive, TAMS=top-at-mark-start (previous, next)
|   0|0x0000000702000000, 0x0000000702100000, 0x0000000702100000|100%|HS|  |TAMS 0x0000000702000000, 0x0000000702000000| Complete 
|   1|0x0000000702100000, 0x0000000702200000, 0x0000000702200000|100%|HC|  |TAMS 0x0000000702100000, 0x0000000702100000| Complete 
|   2|0x0000000702200000, 0x0000000702300000, 0x0000000702300000|100%|HS|  |TAMS 0x0000000702200000, 0x0000000702200000| Complete 
|   3|0x0000000702300000, 0x0000000702400000, 0x0000000702400000|100%|HC|  |TAMS 0x0000000702300000, 0x0000000702300000| Complete 
|   4|0x0000000702400000, 0x0000000702500000, 0x0000000702500000|100%|HS|  |TAMS 0x0000000702400000, 0x0000000702400000| Complete 
|   5|0x0000000702500000, 0x0000000702600000, 0x0000000702600000|100%|HC|  |TAMS 0x0000000702500000, 0x0000000702500000| Complete 
|   6|0x0000000702600000, 0x0000000702600000, 0x0000000702700000|  0%| F|  |TAMS 0x0000000702600000, 0x0000000702600000| Untracked 
|   7|0x0000000702700000, 0x0000000702700000, 0x0000000702800000|  0%| F|  |TAMS 0x0000000702700000, 0x0000000702700000| Untracked 
|   8|0x0000000702800000, 0x0000000702800000, 0x0000000702900000|  0%| F|  |TAMS 0x0000000702800000, 0x0000000702800000| Untracked 
|   9|0x0000000702900000, 0x0000000702900000, 0x0000000702a00000|  0%| F|  |TAMS 0x0000000702900000, 0x0000000702900000| Untracked 
|  10|0x0000000702a00000, 0x0000000702a00000, 0x0000000702b00000|  0%| F|  |TAMS 0x0000000702a00000, 0x0000000702a00000| Untracked 
|  11|0x0000000702b00000, 0x0000000702b00000, 0x0000000702c00000|  0%| F|  |TAMS 0x0000000702b00000, 0x0000000702b00000| Untracked 
|  12|0x0000000702c00000, 0x0000000702c00000, 0x0000000702d00000|  0%| F|  |TAMS 0x0000000702c00000, 0x0000000702c00000| Untracked 
|  13|0x0000000702d00000, 0x0000000702d00000, 0x0000000702e00000|  0%| F|  |TAMS 0x0000000702d00000, 0x0000000702d00000| Untracked 
|  14|0x0000000702e00000, 0x0000000702e00000, 0x0000000702f00000|  0%| F|  |TAMS 0x0000000702e00000, 0x0000000702e00000| Untracked 
|  15|0x0000000702f00000, 0x0000000702f00000, 0x0000000703000000|  0%| F|  |TAMS 0x0000000702f00000, 0x0000000702f00000| Untracked 
|  16|0x0000000703000000, 0x0000000703000000, 0x0000000703100000|  0%| F|  |TAMS 0x0000000703000000, 0x0000000703000000| Untracked 
|  17|0x0000000703100000, 0x0000000703100000, 0x0000000703200000|  0%| F|  |TAMS 0x0000000703100000, 0x0000000703100000| Untracked 
|  18|0x0000000703200000, 0x0000000703200000, 0x0000000703300000|  0%| F|  |TAMS 0x0000000703200000, 0x0000000703200000| Untracked 
|  19|0x0000000703300000, 0x0000000703300000, 0x0000000703400000|  0%| F|  |TAMS 0x0000000703300000, 0x0000000703300000| Untracked 
|  20|0x0000000703400000, 0x0000000703400000, 0x0000000703500000|  0%| F|  |TAMS 0x0000000703400000, 0x0000000703400000| Untracked 
|  21|0x0000000703500000, 0x0000000703500000, 0x0000000703600000|  0%| F|  |TAMS 0x0000000703500000, 0x0000000703500000| Untracked 
|  22|0x0000000703600000, 0x0000000703600000, 0x0000000703700000|  0%| F|  |TAMS 0x0000000703600000, 0x0000000703600000| Untracked 
|  23|0x0000000703700000, 0x0000000703700000, 0x0000000703800000|  0%| F|  |TAMS 0x0000000703700000, 0x0000000703700000| Untracked 
|  24|0x0000000703800000, 0x0000000703800000, 0x0000000703900000|  0%| F|  |TAMS 0x0000000703800000, 0x0000000703800000| Untracked 
|  25|0x0000000703900000, 0x0000000703900000, 0x0000000703a00000|  0%| F|  |TAMS 0x0000000703900000, 0x0000000703900000| Untracked 
|  26|0x0000000703a00000, 0x0000000703a00000, 0x0000000703b00000|  0%| F|  |TAMS 0x0000000703a00000, 0x0000000703a00000| Untracked 
|  27|0x0000000703b00000, 0x0000000703b00000, 0x0000000703c00000|  0%| F|  |TAMS 0x0000000703b00000, 0x0000000703b00000| Untracked 
|  28|0x0000000703c00000, 0x0000000703c00000, 0x0000000703d00000|  0%| F|  |TAMS 0x0000000703c00000, 0x0000000703c00000| Untracked 
|  29|0x0000000703d00000, 0x0000000703d00000, 0x0000000703e00000|  0%| F|  |TAMS 0x0000000703d00000, 0x0000000703d00000| Untracked 
|  30|0x0000000703e00000, 0x0000000703e00000, 0x0000000703f00000|  0%| F|  |TAMS 0x0000000703e00000, 0x0000000703e00000| Untracked 
|  31|0x0000000703f00000, 0x0000000703f00000, 0x0000000704000000|  0%| F|  |TAMS 0x0000000703f00000, 0x0000000703f00000| Untracked 
|  32|0x0000000704000000, 0x0000000704000000, 0x0000000704100000|  0%| F|  |TAMS 0x0000000704000000, 0x0000000704000000| Untracked 
|  33|0x0000000704100000, 0x0000000704100000, 0x0000000704200000|  0%| F|  |TAMS 0x0000000704100000, 0x0000000704100000| Untracked 
|  34|0x0000000704200000, 0x0000000704200000, 0x0000000704300000|  0%| F|  |TAMS 0x0000000704200000, 0x0000000704200000| Untracked 
|  35|0x0000000704300000, 0x0000000704300000, 0x0000000704400000|  0%| F|  |TAMS 0x0000000704300000, 0x0000000704300000| Untracked 
|  36|0x0000000704400000, 0x0000000704400000, 0x0000000704500000|  0%| F|  |TAMS 0x0000000704400000, 0x0000000704400000| Untracked 
|  37|0x0000000704500000, 0x0000000704500000, 0x0000000704600000|  0%| F|  |TAMS 0x0000000704500000, 0x0000000704500000| Untracked 
|  38|0x0000000704600000, 0x0000000704600000, 0x0000000704700000|  0%| F|  |TAMS 0x0000000704600000, 0x0000000704600000| Untracked 
|  39|0x0000000704700000, 0x0000000704700000, 0x0000000704800000|  0%| F|  |TAMS 0x0000000704700000, 0x0000000704700000| Untracked 
|  40|0x0000000704800000, 0x0000000704800000, 0x0000000704900000|  0%| F|  |TAMS 0x0000000704800000, 0x0000000704800000| Untracked 
|  41|0x0000000704900000, 0x0000000704900000, 0x0000000704a00000|  0%| F|  |TAMS 0x0000000704900000, 0x0000000704900000| Untracked 
|  42|0x0000000704a00000, 0x0000000704a00000, 0x0000000704b00000|  0%| F|  |TAMS 0x0000000704a00000, 0x0000000704a00000| Untracked 
|  43|0x0000000704b00000, 0x0000000704b00000, 0x0000000704c00000|  0%| F|  |TAMS 0x0000000704b00000, 0x0000000704b00000| Untracked 
|  44|0x0000000704c00000, 0x0000000704c00000, 0x0000000704d00000|  0%| F|  |TAMS 0x0000000704c00000, 0x0000000704c00000| Untracked 
|  45|0x0000000704d00000, 0x0000000704d00000, 0x0000000704e00000|  0%| F|  |TAMS 0x0000000704d00000, 0x0000000704d00000| Untracked 
|  46|0x0000000704e00000, 0x0000000704e00000, 0x0000000704f00000|  0%| F|  |TAMS 0x0000000704e00000, 0x0000000704e00000| Untracked 
|  47|0x0000000704f00000, 0x0000000704f00000, 0x0000000705000000|  0%| F|  |TAMS 0x0000000704f00000, 0x0000000704f00000| Untracked 
|  48|0x0000000705000000, 0x0000000705000000, 0x0000000705100000|  0%| F|  |TAMS 0x0000000705000000, 0x0000000705000000| Untracked 
|  49|0x0000000705100000, 0x0000000705100000, 0x0000000705200000|  0%| F|  |TAMS 0x0000000705100000, 0x0000000705100000| Untracked 
|  50|0x0000000705200000, 0x0000000705200000, 0x0000000705300000|  0%| F|  |TAMS 0x0000000705200000, 0x0000000705200000| Untracked 
|  51|0x0000000705300000, 0x0000000705300000, 0x0000000705400000|  0%| F|  |TAMS 0x0000000705300000, 0x0000000705300000| Untracked 
|  52|0x0000000705400000, 0x0000000705400000, 0x0000000705500000|  0%| F|  |TAMS 0x0000000705400000, 0x0000000705400000| Untracked 
|  53|0x0000000705500000, 0x0000000705500000, 0x0000000705600000|  0%| F|  |TAMS 0x0000000705500000, 0x0000000705500000| Untracked 
|  54|0x0000000705600000, 0x0000000705600000, 0x0000000705700000|  0%| F|  |TAMS 0x0000000705600000, 0x0000000705600000| Untracked 
|  55|0x0000000705700000, 0x0000000705700000, 0x0000000705800000|  0%| F|  |TAMS 0x0000000705700000, 0x0000000705700000| Untracked 
|  56|0x0000000705800000, 0x0000000705800000, 0x0000000705900000|  0%| F|  |TAMS 0x0000000705800000, 0x0000000705800000| Untracked 
|  57|0x0000000705900000, 0x0000000705900000, 0x0000000705a00000|  0%| F|  |TAMS 0x0000000705900000, 0x0000000705900000| Untracked 
|  58|0x0000000705a00000, 0x0000000705a00000, 0x0000000705b00000|  0%| F|  |TAMS 0x0000000705a00000, 0x0000000705a00000| Untracked 
|  59|0x0000000705b00000, 0x0000000705b00000, 0x0000000705c00000|  0%| F|  |TAMS 0x0000000705b00000, 0x0000000705b00000| Untracked 
|  60|0x0000000705c00000, 0x0000000705c00000, 0x0000000705d00000|  0%| F|  |TAMS 0x0000000705c00000, 0x0000000705c00000| Untracked 
|  61|0x0000000705d00000, 0x0000000705d00000, 0x0000000705e00000|  0%| F|  |TAMS 0x0000000705d00000, 0x0000000705d00000| Untracked 
|  62|0x0000000705e00000, 0x0000000705e00000, 0x0000000705f00000|  0%| F|  |TAMS 0x0000000705e00000, 0x0000000705e00000| Untracked 
|  63|0x0000000705f00000, 0x0000000705f00000, 0x0000000706000000|  0%| F|  |TAMS 0x0000000705f00000, 0x0000000705f00000| Untracked 
|  64|0x0000000706000000, 0x0000000706000000, 0x0000000706100000|  0%| F|  |TAMS 0x0000000706000000, 0x0000000706000000| Untracked 
|  65|0x0000000706100000, 0x0000000706100000, 0x0000000706200000|  0%| F|  |TAMS 0x0000000706100000, 0x0000000706100000| Untracked 
|  66|0x0000000706200000, 0x0000000706200000, 0x0000000706300000|  0%| F|  |TAMS 0x0000000706200000, 0x0000000706200000| Untracked 
|  67|0x0000000706300000, 0x0000000706300000, 0x0000000706400000|  0%| F|  |TAMS 0x0000000706300000, 0x0000000706300000| Untracked 
|  68|0x0000000706400000, 0x0000000706400000, 0x0000000706500000|  0%| F|  |TAMS 0x0000000706400000, 0x0000000706400000| Untracked 
|  69|0x0000000706500000, 0x0000000706500000, 0x0000000706600000|  0%| F|  |TAMS 0x0000000706500000, 0x0000000706500000| Untracked 
|  70|0x0000000706600000, 0x0000000706600000, 0x0000000706700000|  0%| F|  |TAMS 0x0000000706600000, 0x0000000706600000| Untracked 
|  71|0x0000000706700000, 0x0000000706700000, 0x0000000706800000|  0%| F|  |TAMS 0x0000000706700000, 0x0000000706700000| Untracked 
|  72|0x0000000706800000, 0x0000000706800000, 0x0000000706900000|  0%| F|  |TAMS 0x0000000706800000, 0x0000000706800000| Untracked 
|  73|0x0000000706900000, 0x0000000706900000, 0x0000000706a00000|  0%| F|  |TAMS 0x0000000706900000, 0x0000000706900000| Untracked 
|  74|0x0000000706a00000, 0x0000000706a00000, 0x0000000706b00000|  0%| F|  |TAMS 0x0000000706a00000, 0x0000000706a00000| Untracked 
|  75|0x0000000706b00000, 0x0000000706b00000, 0x0000000706c00000|  0%| F|  |TAMS 0x0000000706b00000, 0x0000000706b00000| Untracked 
|  76|0x0000000706c00000, 0x0000000706c00000, 0x0000000706d00000|  0%| F|  |TAMS 0x0000000706c00000, 0x0000000706c00000| Untracked 
|  77|0x0000000706d00000, 0x0000000706d00000, 0x0000000706e00000|  0%| F|  |TAMS 0x0000000706d00000, 0x0000000706d00000| Untracked 
|  78|0x0000000706e00000, 0x0000000706e00000, 0x0000000706f00000|  0%| F|  |TAMS 0x0000000706e00000, 0x0000000706e00000| Untracked 
|  79|0x0000000706f00000, 0x0000000706f00000, 0x0000000707000000|  0%| F|  |TAMS 0x0000000706f00000, 0x0000000706f00000| Untracked 
|  80|0x0000000707000000, 0x0000000707000000, 0x0000000707100000|  0%| F|  |TAMS 0x0000000707000000, 0x0000000707000000| Untracked 
|  81|0x0000000707100000, 0x0000000707100000, 0x0000000707200000|  0%| F|  |TAMS 0x0000000707100000, 0x0000000707100000| Untracked 
|  82|0x0000000707200000, 0x0000000707200000, 0x0000000707300000|  0%| F|  |TAMS 0x0000000707200000, 0x0000000707200000| Untracked 
|  83|0x0000000707300000, 0x0000000707300000, 0x0000000707400000|  0%| F|  |TAMS 0x0000000707300000, 0x0000000707300000| Untracked 
|  84|0x0000000707400000, 0x0000000707400000, 0x0000000707500000|  0%| F|  |TAMS 0x0000000707400000, 0x0000000707400000| Untracked 
|  85|0x0000000707500000, 0x0000000707500000, 0x0000000707600000|  0%| F|  |TAMS 0x0000000707500000, 0x0000000707500000| Untracked 
|  86|0x0000000707600000, 0x0000000707600000, 0x0000000707700000|  0%| F|  |TAMS 0x0000000707600000, 0x0000000707600000| Untracked 
|  87|0x0000000707700000, 0x0000000707700000, 0x0000000707800000|  0%| F|  |TAMS 0x0000000707700000, 0x0000000707700000| Untracked 
|  88|0x0000000707800000, 0x0000000707800000, 0x0000000707900000|  0%| F|  |TAMS 0x0000000707800000, 0x0000000707800000| Untracked 
|  89|0x0000000707900000, 0x0000000707900000, 0x0000000707a00000|  0%| F|  |TAMS 0x0000000707900000, 0x0000000707900000| Untracked 
|  90|0x0000000707a00000, 0x0000000707a00000, 0x0000000707b00000|  0%| F|  |TAMS 0x0000000707a00000, 0x0000000707a00000| Untracked 
|  91|0x0000000707b00000, 0x0000000707b00000, 0x0000000707c00000|  0%| F|  |TAMS 0x0000000707b00000, 0x0000000707b00000| Untracked 
|  92|0x0000000707c00000, 0x0000000707c00000, 0x0000000707d00000|  0%| F|  |TAMS 0x0000000707c00000, 0x0000000707c00000| Untracked 
|  93|0x0000000707d00000, 0x0000000707d00000, 0x0000000707e00000|  0%| F|  |TAMS 0x0000000707d00000, 0x0000000707d00000| Untracked 
|  94|0x0000000707e00000, 0x0000000707e00000, 0x0000000707f00000|  0%| F|  |TAMS 0x0000000707e00000, 0x0000000707e00000| Untracked 
|  95|0x0000000707f00000, 0x0000000707f00000, 0x0000000708000000|  0%| F|  |TAMS 0x0000000707f00000, 0x0000000707f00000| Untracked 
|  96|0x0000000708000000, 0x0000000708000000, 0x0000000708100000|  0%| F|  |TAMS 0x0000000708000000, 0x0000000708000000| Untracked 
|  97|0x0000000708100000, 0x0000000708100000, 0x0000000708200000|  0%| F|  |TAMS 0x0000000708100000, 0x0000000708100000| Untracked 
|  98|0x0000000708200000, 0x0000000708200000, 0x0000000708300000|  0%| F|  |TAMS 0x0000000708200000, 0x0000000708200000| Untracked 
|  99|0x0000000708300000, 0x0000000708300000, 0x0000000708400000|  0%| F|  |TAMS 0x0000000708300000, 0x0000000708300000| Untracked 
| 100|0x0000000708400000, 0x0000000708400000, 0x0000000708500000|  0%| F|  |TAMS 0x0000000708400000, 0x0000000708400000| Untracked 
| 101|0x0000000708500000, 0x0000000708500000, 0x0000000708600000|  0%| F|  |TAMS 0x0000000708500000, 0x0000000708500000| Untracked 
| 102|0x0000000708600000, 0x0000000708600000, 0x0000000708700000|  0%| F|  |TAMS 0x0000000708600000, 0x0000000708600000| Untracked 
| 103|0x0000000708700000, 0x0000000708700000, 0x0000000708800000|  0%| F|  |TAMS 0x0000000708700000, 0x0000000708700000| Untracked 
| 104|0x0000000708800000, 0x0000000708800000, 0x0000000708900000|  0%| F|  |TAMS 0x0000000708800000, 0x0000000708800000| Untracked 
| 105|0x0000000708900000, 0x0000000708900000, 0x0000000708a00000|  0%| F|  |TAMS 0x0000000708900000, 0x0000000708900000| Untracked 
| 106|0x0000000708a00000, 0x0000000708a00000, 0x0000000708b00000|  0%| F|  |TAMS 0x0000000708a00000, 0x0000000708a00000| Untracked 
| 107|0x0000000708b00000, 0x0000000708b00000, 0x0000000708c00000|  0%| F|  |TAMS 0x0000000708b00000, 0x0000000708b00000| Untracked 
| 108|0x0000000708c00000, 0x0000000708c00000, 0x0000000708d00000|  0%| F|  |TAMS 0x0000000708c00000, 0x0000000708c00000| Untracked 
| 109|0x0000000708d00000, 0x0000000708d00000, 0x0000000708e00000|  0%| F|  |TAMS 0x0000000708d00000, 0x0000000708d00000| Untracked 
| 110|0x0000000708e00000, 0x0000000708e00000, 0x0000000708f00000|  0%| F|  |TAMS 0x0000000708e00000, 0x0000000708e00000| Untracked 
| 111|0x0000000708f00000, 0x0000000708f00000, 0x0000000709000000|  0%| F|  |TAMS 0x0000000708f00000, 0x0000000708f00000| Untracked 
| 112|0x0000000709000000, 0x0000000709000000, 0x0000000709100000|  0%| F|  |TAMS 0x0000000709000000, 0x0000000709000000| Untracked 
| 113|0x0000000709100000, 0x0000000709100000, 0x0000000709200000|  0%| F|  |TAMS 0x0000000709100000, 0x0000000709100000| Untracked 
| 114|0x0000000709200000, 0x0000000709200000, 0x0000000709300000|  0%| F|  |TAMS 0x0000000709200000, 0x0000000709200000| Untracked 
| 115|0x0000000709300000, 0x0000000709300000, 0x0000000709400000|  0%| F|  |TAMS 0x0000000709300000, 0x0000000709300000| Untracked 
| 116|0x0000000709400000, 0x0000000709400000, 0x0000000709500000|  0%| F|  |TAMS 0x0000000709400000, 0x0000000709400000| Untracked 
| 117|0x0000000709500000, 0x0000000709500000, 0x0000000709600000|  0%| F|  |TAMS 0x0000000709500000, 0x0000000709500000| Untracked 
| 118|0x0000000709600000, 0x0000000709600000, 0x0000000709700000|  0%| F|  |TAMS 0x0000000709600000, 0x0000000709600000| Untracked 
| 119|0x0000000709700000, 0x0000000709700000, 0x0000000709800000|  0%| F|  |TAMS 0x0000000709700000, 0x0000000709700000| Untracked 
| 120|0x0000000709800000, 0x0000000709800000, 0x0000000709900000|  0%| F|  |TAMS 0x0000000709800000, 0x0000000709800000| Untracked 
| 121|0x0000000709900000, 0x0000000709900000, 0x0000000709a00000|  0%| F|  |TAMS 0x0000000709900000, 0x0000000709900000| Untracked 
| 122|0x0000000709a00000, 0x0000000709a00000, 0x0000000709b00000|  0%| F|  |TAMS 0x0000000709a00000, 0x0000000709a00000| Untracked 
| 123|0x0000000709b00000, 0x0000000709b00000, 0x0000000709c00000|  0%| F|  |TAMS 0x0000000709b00000, 0x0000000709b00000| Untracked 
| 124|0x0000000709c00000, 0x0000000709c00000, 0x0000000709d00000|  0%| F|  |TAMS 0x0000000709c00000, 0x0000000709c00000| Untracked 
| 125|0x0000000709d00000, 0x0000000709d00000, 0x0000000709e00000|  0%| F|  |TAMS 0x0000000709d00000, 0x0000000709d00000| Untracked 
| 126|0x0000000709e00000, 0x0000000709e00000, 0x0000000709f00000|  0%| F|  |TAMS 0x0000000709e00000, 0x0000000709e00000| Untracked 
| 127|0x0000000709f00000, 0x0000000709f00000, 0x000000070a000000|  0%| F|  |TAMS 0x0000000709f00000, 0x0000000709f00000| Untracked 
| 128|0x000000070a000000, 0x000000070a000000, 0x000000070a100000|  0%| F|  |TAMS 0x000000070a000000, 0x000000070a000000| Untracked 
| 129|0x000000070a100000, 0x000000070a100000, 0x000000070a200000|  0%| F|  |TAMS 0x000000070a100000, 0x000000070a100000| Untracked 
| 130|0x000000070a200000, 0x000000070a200000, 0x000000070a300000|  0%| F|  |TAMS 0x000000070a200000, 0x000000070a200000| Untracked 
| 131|0x000000070a300000, 0x000000070a300000, 0x000000070a400000|  0%| F|  |TAMS 0x000000070a300000, 0x000000070a300000| Untracked 
| 132|0x000000070a400000, 0x000000070a400000, 0x000000070a500000|  0%| F|  |TAMS 0x000000070a400000, 0x000000070a400000| Untracked 
| 133|0x000000070a500000, 0x000000070a500000, 0x000000070a600000|  0%| F|  |TAMS 0x000000070a500000, 0x000000070a500000| Untracked 
| 134|0x000000070a600000, 0x000000070a600000, 0x000000070a700000|  0%| F|  |TAMS 0x000000070a600000, 0x000000070a600000| Untracked 
| 135|0x000000070a700000, 0x000000070a700000, 0x000000070a800000|  0%| F|  |TAMS 0x000000070a700000, 0x000000070a700000| Untracked 
| 136|0x000000070a800000, 0x000000070a800000, 0x000000070a900000|  0%| F|  |TAMS 0x000000070a800000, 0x000000070a800000| Untracked 
| 137|0x000000070a900000, 0x000000070a900000, 0x000000070aa00000|  0%| F|  |TAMS 0x000000070a900000, 0x000000070a900000| Untracked 
| 138|0x000000070aa00000, 0x000000070aa00000, 0x000000070ab00000|  0%| F|  |TAMS 0x000000070aa00000, 0x000000070aa00000| Untracked 
| 139|0x000000070ab00000, 0x000000070ab00000, 0x000000070ac00000|  0%| F|  |TAMS 0x000000070ab00000, 0x000000070ab00000| Untracked 
| 140|0x000000070ac00000, 0x000000070ac00000, 0x000000070ad00000|  0%| F|  |TAMS 0x000000070ac00000, 0x000000070ac00000| Untracked 
| 141|0x000000070ad00000, 0x000000070ad00000, 0x000000070ae00000|  0%| F|  |TAMS 0x000000070ad00000, 0x000000070ad00000| Untracked 
| 142|0x000000070ae00000, 0x000000070ae00000, 0x000000070af00000|  0%| F|  |TAMS 0x000000070ae00000, 0x000000070ae00000| Untracked 
| 143|0x000000070af00000, 0x000000070af00000, 0x000000070b000000|  0%| F|  |TAMS 0x000000070af00000, 0x000000070af00000| Untracked 
| 144|0x000000070b000000, 0x000000070b000000, 0x000000070b100000|  0%| F|  |TAMS 0x000000070b000000, 0x000000070b000000| Untracked 
| 145|0x000000070b100000, 0x000000070b100000, 0x000000070b200000|  0%| F|  |TAMS 0x000000070b100000, 0x000000070b100000| Untracked 
| 146|0x000000070b200000, 0x000000070b200000, 0x000000070b300000|  0%| F|  |TAMS 0x000000070b200000, 0x000000070b200000| Untracked 
| 147|0x000000070b300000, 0x000000070b300000, 0x000000070b400000|  0%| F|  |TAMS 0x000000070b300000, 0x000000070b300000| Untracked 
| 148|0x000000070b400000, 0x000000070b400000, 0x000000070b500000|  0%| F|  |TAMS 0x000000070b400000, 0x000000070b400000| Untracked 
| 149|0x000000070b500000, 0x000000070b500000, 0x000000070b600000|  0%| F|  |TAMS 0x000000070b500000, 0x000000070b500000| Untracked 
| 150|0x000000070b600000, 0x000000070b600000, 0x000000070b700000|  0%| F|  |TAMS 0x000000070b600000, 0x000000070b600000| Untracked 
| 151|0x000000070b700000, 0x000000070b700000, 0x000000070b800000|  0%| F|  |TAMS 0x000000070b700000, 0x000000070b700000| Untracked 
| 152|0x000000070b800000, 0x000000070b800000, 0x000000070b900000|  0%| F|  |TAMS 0x000000070b800000, 0x000000070b800000| Untracked 
| 153|0x000000070b900000, 0x000000070b900000, 0x000000070ba00000|  0%| F|  |TAMS 0x000000070b900000, 0x000000070b900000| Untracked 
| 154|0x000000070ba00000, 0x000000070ba00000, 0x000000070bb00000|  0%| F|  |TAMS 0x000000070ba00000, 0x000000070ba00000| Untracked 
| 155|0x000000070bb00000, 0x000000070bb00000, 0x000000070bc00000|  0%| F|  |TAMS 0x000000070bb00000, 0x000000070bb00000| Untracked 
| 156|0x000000070bc00000, 0x000000070bc00000, 0x000000070bd00000|  0%| F|  |TAMS 0x000000070bc00000, 0x000000070bc00000| Untracked 
| 157|0x000000070bd00000, 0x000000070bd00000, 0x000000070be00000|  0%| F|  |TAMS 0x000000070bd00000, 0x000000070bd00000| Untracked 
| 158|0x000000070be00000, 0x000000070be00000, 0x000000070bf00000|  0%| F|  |TAMS 0x000000070be00000, 0x000000070be00000| Untracked 
| 159|0x000000070bf00000, 0x000000070bf00000, 0x000000070c000000|  0%| F|  |TAMS 0x000000070bf00000, 0x000000070bf00000| Untracked 
| 160|0x000000070c000000, 0x000000070c000000, 0x000000070c100000|  0%| F|  |TAMS 0x000000070c000000, 0x000000070c000000| Untracked 
| 161|0x000000070c100000, 0x000000070c100000, 0x000000070c200000|  0%| F|  |TAMS 0x000000070c100000, 0x000000070c100000| Untracked 
| 162|0x000000070c200000, 0x000000070c200000, 0x000000070c300000|  0%| F|  |TAMS 0x000000070c200000, 0x000000070c200000| Untracked 
| 163|0x000000070c300000, 0x000000070c300000, 0x000000070c400000|  0%| F|  |TAMS 0x000000070c300000, 0x000000070c300000| Untracked 
| 164|0x000000070c400000, 0x000000070c400000, 0x000000070c500000|  0%| F|  |TAMS 0x000000070c400000, 0x000000070c400000| Untracked 
| 165|0x000000070c500000, 0x000000070c500000, 0x000000070c600000|  0%| F|  |TAMS 0x000000070c500000, 0x000000070c500000| Untracked 
| 166|0x000000070c600000, 0x000000070c600000, 0x000000070c700000|  0%| F|  |TAMS 0x000000070c600000, 0x000000070c600000| Untracked 
| 167|0x000000070c700000, 0x000000070c700000, 0x000000070c800000|  0%| F|  |TAMS 0x000000070c700000, 0x000000070c700000| Untracked 
| 168|0x000000070c800000, 0x000000070c800000, 0x000000070c900000|  0%| F|  |TAMS 0x000000070c800000, 0x000000070c800000| Untracked 
| 169|0x000000070c900000, 0x000000070c900000, 0x000000070ca00000|  0%| F|  |TAMS 0x000000070c900000, 0x000000070c900000| Untracked 
| 170|0x000000070ca00000, 0x000000070ca00000, 0x000000070cb00000|  0%| F|  |TAMS 0x000000070ca00000, 0x000000070ca00000| Untracked 
| 171|0x000000070cb00000, 0x000000070cb00000, 0x000000070cc00000|  0%| F|  |TAMS 0x000000070cb00000, 0x000000070cb00000| Untracked 
| 172|0x000000070cc00000, 0x000000070cc00000, 0x000000070cd00000|  0%| F|  |TAMS 0x000000070cc00000, 0x000000070cc00000| Untracked 
| 173|0x000000070cd00000, 0x000000070cd00000, 0x000000070ce00000|  0%| F|  |TAMS 0x000000070cd00000, 0x000000070cd00000| Untracked 
| 174|0x000000070ce00000, 0x000000070ce00000, 0x000000070cf00000|  0%| F|  |TAMS 0x000000070ce00000, 0x000000070ce00000| Untracked 
| 175|0x000000070cf00000, 0x000000070cf00000, 0x000000070d000000|  0%| F|  |TAMS 0x000000070cf00000, 0x000000070cf00000| Untracked 
| 176|0x000000070d000000, 0x000000070d000000, 0x000000070d100000|  0%| F|  |TAMS 0x000000070d000000, 0x000000070d000000| Untracked 
| 177|0x000000070d100000, 0x000000070d100000, 0x000000070d200000|  0%| F|  |TAMS 0x000000070d100000, 0x000000070d100000| Untracked 
| 178|0x000000070d200000, 0x000000070d200000, 0x000000070d300000|  0%| F|  |TAMS 0x000000070d200000, 0x000000070d200000| Untracked 
| 179|0x000000070d300000, 0x000000070d300000, 0x000000070d400000|  0%| F|  |TAMS 0x000000070d300000, 0x000000070d300000| Untracked 
| 180|0x000000070d400000, 0x000000070d400000, 0x000000070d500000|  0%| F|  |TAMS 0x000000070d400000, 0x000000070d400000| Untracked 
| 181|0x000000070d500000, 0x000000070d500000, 0x000000070d600000|  0%| F|  |TAMS 0x000000070d500000, 0x000000070d500000| Untracked 
| 182|0x000000070d600000, 0x000000070d600000, 0x000000070d700000|  0%| F|  |TAMS 0x000000070d600000, 0x000000070d600000| Untracked 
| 183|0x000000070d700000, 0x000000070d700000, 0x000000070d800000|  0%| F|  |TAMS 0x000000070d700000, 0x000000070d700000| Untracked 
| 184|0x000000070d800000, 0x000000070d800000, 0x000000070d900000|  0%| F|  |TAMS 0x000000070d800000, 0x000000070d800000| Untracked 
| 185|0x000000070d900000, 0x000000070d900000, 0x000000070da00000|  0%| F|  |TAMS 0x000000070d900000, 0x000000070d900000| Untracked 
| 186|0x000000070da00000, 0x000000070da00000, 0x000000070db00000|  0%| F|  |TAMS 0x000000070da00000, 0x000000070da00000| Untracked 
| 187|0x000000070db00000, 0x000000070db00000, 0x000000070dc00000|  0%| F|  |TAMS 0x000000070db00000, 0x000000070db00000| Untracked 
| 188|0x000000070dc00000, 0x000000070dc00000, 0x000000070dd00000|  0%| F|  |TAMS 0x000000070dc00000, 0x000000070dc00000| Untracked 
| 189|0x000000070dd00000, 0x000000070dd00000, 0x000000070de00000|  0%| F|  |TAMS 0x000000070dd00000, 0x000000070dd00000| Untracked 
| 190|0x000000070de00000, 0x000000070de00000, 0x000000070df00000|  0%| F|  |TAMS 0x000000070de00000, 0x000000070de00000| Untracked 
| 191|0x000000070df00000, 0x000000070df00000, 0x000000070e000000|  0%| F|  |TAMS 0x000000070df00000, 0x000000070df00000| Untracked 
| 192|0x000000070e000000, 0x000000070e000000, 0x000000070e100000|  0%| F|  |TAMS 0x000000070e000000, 0x000000070e000000| Untracked 
| 193|0x000000070e100000, 0x000000070e100000, 0x000000070e200000|  0%| F|  |TAMS 0x000000070e100000, 0x000000070e100000| Untracked 
| 194|0x000000070e200000, 0x000000070e200000, 0x000000070e300000|  0%| F|  |TAMS 0x000000070e200000, 0x000000070e200000| Untracked 
| 195|0x000000070e300000, 0x000000070e300000, 0x000000070e400000|  0%| F|  |TAMS 0x000000070e300000, 0x000000070e300000| Untracked 
| 196|0x000000070e400000, 0x000000070e400000, 0x000000070e500000|  0%| F|  |TAMS 0x000000070e400000, 0x000000070e400000| Untracked 
| 197|0x000000070e500000, 0x000000070e500000, 0x000000070e600000|  0%| F|  |TAMS 0x000000070e500000, 0x000000070e500000| Untracked 
| 198|0x000000070e600000, 0x000000070e600000, 0x000000070e700000|  0%| F|  |TAMS 0x000000070e600000, 0x000000070e600000| Untracked 
| 199|0x000000070e700000, 0x000000070e700000, 0x000000070e800000|  0%| F|  |TAMS 0x000000070e700000, 0x000000070e700000| Untracked 
| 200|0x000000070e800000, 0x000000070e800000, 0x000000070e900000|  0%| F|  |TAMS 0x000000070e800000, 0x000000070e800000| Untracked 
| 201|0x000000070e900000, 0x000000070e900000, 0x000000070ea00000|  0%| F|  |TAMS 0x000000070e900000, 0x000000070e900000| Untracked 
| 202|0x000000070ea00000, 0x000000070ea00000, 0x000000070eb00000|  0%| F|  |TAMS 0x000000070ea00000, 0x000000070ea00000| Untracked 
| 203|0x000000070eb00000, 0x000000070eb00000, 0x000000070ec00000|  0%| F|  |TAMS 0x000000070eb00000, 0x000000070eb00000| Untracked 
| 204|0x000000070ec00000, 0x000000070ec00000, 0x000000070ed00000|  0%| F|  |TAMS 0x000000070ec00000, 0x000000070ec00000| Untracked 
| 205|0x000000070ed00000, 0x000000070ed00000, 0x000000070ee00000|  0%| F|  |TAMS 0x000000070ed00000, 0x000000070ed00000| Untracked 
| 206|0x000000070ee00000, 0x000000070ee00000, 0x000000070ef00000|  0%| F|  |TAMS 0x000000070ee00000, 0x000000070ee00000| Untracked 
| 207|0x000000070ef00000, 0x000000070ef00000, 0x000000070f000000|  0%| F|  |TAMS 0x000000070ef00000, 0x000000070ef00000| Untracked 
| 208|0x000000070f000000, 0x000000070f000000, 0x000000070f100000|  0%| F|  |TAMS 0x000000070f000000, 0x000000070f000000| Untracked 
| 209|0x000000070f100000, 0x000000070f100000, 0x000000070f200000|  0%| F|  |TAMS 0x000000070f100000, 0x000000070f100000| Untracked 
| 210|0x000000070f200000, 0x000000070f200000, 0x000000070f300000|  0%| F|  |TAMS 0x000000070f200000, 0x000000070f200000| Untracked 
| 211|0x000000070f300000, 0x000000070f300000, 0x000000070f400000|  0%| F|  |TAMS 0x000000070f300000, 0x000000070f300000| Untracked 
| 212|0x000000070f400000, 0x000000070f400000, 0x000000070f500000|  0%| F|  |TAMS 0x000000070f400000, 0x000000070f400000| Untracked 
| 213|0x000000070f500000, 0x000000070f500000, 0x000000070f600000|  0%| F|  |TAMS 0x000000070f500000, 0x000000070f500000| Untracked 
| 214|0x000000070f600000, 0x000000070f600000, 0x000000070f700000|  0%| F|  |TAMS 0x000000070f600000, 0x000000070f600000| Untracked 
| 215|0x000000070f700000, 0x000000070f700000, 0x000000070f800000|  0%| F|  |TAMS 0x000000070f700000, 0x000000070f700000| Untracked 
| 216|0x000000070f800000, 0x000000070f800000, 0x000000070f900000|  0%| F|  |TAMS 0x000000070f800000, 0x000000070f800000| Untracked 
| 217|0x000000070f900000, 0x000000070f900000, 0x000000070fa00000|  0%| F|  |TAMS 0x000000070f900000, 0x000000070f900000| Untracked 
| 218|0x000000070fa00000, 0x000000070fa80800, 0x000000070fb00000| 50%| E|  |TAMS 0x000000070fa00000, 0x000000070fa00000| Complete 
| 219|0x000000070fb00000, 0x000000070fc00000, 0x000000070fc00000|100%| E|CS|TAMS 0x000000070fb00000, 0x000000070fb00000| Complete 
| 220|0x000000070fc00000, 0x000000070fd00000, 0x000000070fd00000|100%| E|CS|TAMS 0x000000070fc00000, 0x000000070fc00000| Complete 
| 221|0x000000070fd00000, 0x000000070fe00000, 0x000000070fe00000|100%| E|CS|TAMS 0x000000070fd00000, 0x000000070fd00000| Complete 
| 222|0x000000070fe00000, 0x000000070ff00000, 0x000000070ff00000|100%| E|CS|TAMS 0x000000070fe00000, 0x000000070fe00000| Complete 
| 223|0x000000070ff00000, 0x0000000710000000, 0x0000000710000000|100%| E|CS|TAMS 0x000000070ff00000, 0x000000070ff00000| Complete 
| 224|0x0000000710000000, 0x0000000710100000, 0x0000000710100000|100%| E|CS|TAMS 0x0000000710000000, 0x0000000710000000| Complete 
| 225|0x0000000710100000, 0x0000000710200000, 0x0000000710200000|100%| E|CS|TAMS 0x0000000710100000, 0x0000000710100000| Complete 
| 226|0x0000000710200000, 0x0000000710300000, 0x0000000710300000|100%| E|CS|TAMS 0x0000000710200000, 0x0000000710200000| Complete 
| 227|0x0000000710300000, 0x000000071034b9a0, 0x0000000710400000| 29%| S|CS|TAMS 0x0000000710300000, 0x0000000710300000| Complete 
| 228|0x0000000710400000, 0x0000000710500000, 0x0000000710500000|100%| S|CS|TAMS 0x0000000710400000, 0x0000000710400000| Complete 
| 229|0x0000000710500000, 0x0000000710600000, 0x0000000710600000|100%| S|CS|TAMS 0x0000000710500000, 0x0000000710500000| Complete 
| 230|0x0000000710600000, 0x0000000710700000, 0x0000000710700000|100%| E|CS|TAMS 0x0000000710600000, 0x0000000710600000| Complete 
| 231|0x0000000710700000, 0x0000000710800000, 0x0000000710800000|100%| E|CS|TAMS 0x0000000710700000, 0x0000000710700000| Complete 
| 232|0x0000000710800000, 0x0000000710900000, 0x0000000710900000|100%| E|CS|TAMS 0x0000000710800000, 0x0000000710800000| Complete 
| 233|0x0000000710900000, 0x0000000710a00000, 0x0000000710a00000|100%| E|CS|TAMS 0x0000000710900000, 0x0000000710900000| Complete 
| 234|0x0000000710a00000, 0x0000000710b00000, 0x0000000710b00000|100%| E|CS|TAMS 0x0000000710a00000, 0x0000000710a00000| Complete 
| 235|0x0000000710b00000, 0x0000000710c00000, 0x0000000710c00000|100%| E|CS|TAMS 0x0000000710b00000, 0x0000000710b00000| Complete 
| 236|0x0000000710c00000, 0x0000000710d00000, 0x0000000710d00000|100%| E|CS|TAMS 0x0000000710c00000, 0x0000000710c00000| Complete 
| 237|0x0000000710d00000, 0x0000000710e00000, 0x0000000710e00000|100%| E|CS|TAMS 0x0000000710d00000, 0x0000000710d00000| Complete 
| 238|0x0000000710e00000, 0x0000000710f00000, 0x0000000710f00000|100%| E|CS|TAMS 0x0000000710e00000, 0x0000000710e00000| Complete 
| 239|0x0000000710f00000, 0x0000000711000000, 0x0000000711000000|100%| E|CS|TAMS 0x0000000710f00000, 0x0000000710f00000| Complete 
| 240|0x0000000711000000, 0x0000000711100000, 0x0000000711100000|100%| E|CS|TAMS 0x0000000711000000, 0x0000000711000000| Complete 
| 241|0x0000000711100000, 0x0000000711200000, 0x0000000711200000|100%| E|CS|TAMS 0x0000000711100000, 0x0000000711100000| Complete 
| 242|0x0000000711200000, 0x0000000711300000, 0x0000000711300000|100%| E|CS|TAMS 0x0000000711200000, 0x0000000711200000| Complete 
| 243|0x0000000711300000, 0x0000000711400000, 0x0000000711400000|100%| E|CS|TAMS 0x0000000711300000, 0x0000000711300000| Complete 
| 244|0x0000000711400000, 0x0000000711500000, 0x0000000711500000|100%| E|CS|TAMS 0x0000000711400000, 0x0000000711400000| Complete 
| 245|0x0000000711500000, 0x0000000711600000, 0x0000000711600000|100%| E|CS|TAMS 0x0000000711500000, 0x0000000711500000| Complete 
| 246|0x0000000711600000, 0x0000000711700000, 0x0000000711700000|100%| E|CS|TAMS 0x0000000711600000, 0x0000000711600000| Complete 
| 247|0x0000000711700000, 0x0000000711800000, 0x0000000711800000|100%| E|CS|TAMS 0x0000000711700000, 0x0000000711700000| Complete 
| 248|0x0000000711800000, 0x0000000711900000, 0x0000000711900000|100%| E|CS|TAMS 0x0000000711800000, 0x0000000711800000| Complete 
| 249|0x0000000711900000, 0x0000000711a00000, 0x0000000711a00000|100%| E|CS|TAMS 0x0000000711900000, 0x0000000711900000| Complete 
| 250|0x0000000711a00000, 0x0000000711b00000, 0x0000000711b00000|100%| E|CS|TAMS 0x0000000711a00000, 0x0000000711a00000| Complete 
| 251|0x0000000711b00000, 0x0000000711c00000, 0x0000000711c00000|100%| E|  |TAMS 0x0000000711b00000, 0x0000000711b00000| Complete 
| 252|0x0000000711c00000, 0x0000000711d00000, 0x0000000711d00000|100%| E|CS|TAMS 0x0000000711c00000, 0x0000000711c00000| Complete 
| 253|0x0000000711d00000, 0x0000000711e00000, 0x0000000711e00000|100%| E|CS|TAMS 0x0000000711d00000, 0x0000000711d00000| Complete 

Card table byte_map: [0x0000021e64090000,0x0000021e64880000] _byte_map_base: 0x0000021e60880000

Marking Bits (Prev, Next): (CMBitMap*) 0x0000021e504f1ee8, (CMBitMap*) 0x0000021e504f1f20
 Prev Bits: [0x0000021e65070000, 0x0000021e68ff0000)
 Next Bits: [0x0000021e68ff0000, 0x0000021e6cf70000)

Polling page: 0x0000021e4e340000

Metaspace:

Usage:
  Non-class:     18.00 MB capacity,    17.62 MB ( 98%) used,   312.17 KB (  2%) free+waste,    67.38 KB ( <1%) overhead. 
      Class:      2.65 MB capacity,     2.37 MB ( 89%) used,   255.94 KB (  9%) free+waste,    34.75 KB (  1%) overhead. 
       Both:     20.65 MB capacity,    19.99 MB ( 97%) used,   568.11 KB (  3%) free+waste,   102.13 KB ( <1%) overhead. 

Virtual space:
  Non-class space:       18.00 MB reserved,      18.00 MB (100%) committed 
      Class space:        1.00 GB reserved,       2.75 MB ( <1%) committed 
             Both:        1.02 GB reserved,      20.75 MB (  2%) committed 

Chunk freelists:
   Non-Class:  5.00 KB
       Class:  2.00 KB
        Both:  7.00 KB

MaxMetaspaceSize: 17179869184.00 GB
CompressedClassSpaceSize: 1.00 GB

CodeHeap 'non-profiled nmethods': size=120000Kb used=820Kb max_used=820Kb free=119179Kb
 bounds [0x0000021e5c040000, 0x0000021e5c2b0000, 0x0000021e63570000]
CodeHeap 'profiled nmethods': size=120000Kb used=3138Kb max_used=3138Kb free=116861Kb
 bounds [0x0000021e54b10000, 0x0000021e54e30000, 0x0000021e5c040000]
CodeHeap 'non-nmethods': size=5760Kb used=1410Kb max_used=1513Kb free=4350Kb
 bounds [0x0000021e54570000, 0x0000021e547e0000, 0x0000021e54b10000]
 total_blobs=3066 nmethods=1699 adapters=655
 compilation: enabled
              stopped_count=0, restarted_count=0
 full_count=0

Compilation events (20 events):
Event: 3.770 Thread 0x0000021e7042f000 1683       1       com.sun.javafx.css.CalculatedValue::isRelative (5 bytes)
Event: 3.770 Thread 0x0000021e7042f000 nmethod 1683 0x0000021e5c10c510 code [0x0000021e5c10c6c0, 0x0000021e5c10c7d8]
Event: 3.776 Thread 0x0000021e7042f000 1692       3       com.sun.prism.impl.ManagedResource::getResource (9 bytes)
Event: 3.777 Thread 0x0000021e7042f000 nmethod 1692 0x0000021e54e1d410 code [0x0000021e54e1d5e0, 0x0000021e54e1d8f0]
Event: 3.777 Thread 0x0000021e7042f000 1693       1       com.sun.javafx.geom.transform.AffineBase::getMyx (5 bytes)
Event: 3.777 Thread 0x0000021e7042f000 nmethod 1693 0x0000021e5c10c890 code [0x0000021e5c10ca40, 0x0000021e5c10cb58]
Event: 3.778 Thread 0x0000021e7042f000 1694       3       com.sun.javafx.geom.Path2D$Iterator::isDone (20 bytes)
Event: 3.778 Thread 0x0000021e7042f000 nmethod 1694 0x0000021e54e1da10 code [0x0000021e54e1dbc0, 0x0000021e54e1dd98]
Event: 3.779 Thread 0x0000021e7042f000 1695       3       com.sun.marlin.DHelpers::outcode (70 bytes)
Event: 3.780 Thread 0x0000021e7042f000 nmethod 1695 0x0000021e54e1de90 code [0x0000021e54e1e060, 0x0000021e54e1e418]
Event: 3.780 Thread 0x0000021e7042f000 1696       3       com.sun.marlin.MaskMarlinAlphaConsumer::setAndClearRelativeAlphas (263 bytes)
Event: 3.782 Thread 0x0000021e7042f000 nmethod 1696 0x0000021e54e1e590 code [0x0000021e54e1e820, 0x0000021e54e1f4e0]
Event: 3.782 Thread 0x0000021e7042f000 1697       3       com.sun.marlin.IntArrayCache::fill (21 bytes)
Event: 3.783 Thread 0x0000021e7042f000 nmethod 1697 0x0000021e54e1fd10 code [0x0000021e54e1fee0, 0x0000021e54e201d0]
Event: 3.783 Thread 0x0000021e7042f000 1699       1       com.sun.javafx.geom.transform.AffineBase::getMyy (5 bytes)
Event: 3.783 Thread 0x0000021e7042f000 nmethod 1699 0x0000021e5c10cc10 code [0x0000021e5c10cdc0, 0x0000021e5c10ced8]
Event: 3.783 Thread 0x0000021e7042f000 1700       3       java.lang.Float::floatToIntBits (15 bytes)
Event: 3.784 Thread 0x0000021e7042f000 nmethod 1700 0x0000021e54e20390 code [0x0000021e54e20540, 0x0000021e54e207b8]
Event: 3.784 Thread 0x0000021e7042f000 1698       1       com.sun.prism.impl.BaseTexture::getPixelFormat (5 bytes)
Event: 3.784 Thread 0x0000021e7042f000 nmethod 1698 0x0000021e5c10cf90 code [0x0000021e5c10d140, 0x0000021e5c10d258]

GC Heap History (2 events):
Event: 0.982 GC heap before
{Heap before GC invocations=0 (full 0):
 garbage-first heap   total 260096K, used 23552K [0x0000000702000000, 0x0000000800000000)
  region size 1024K, 24 young (24576K), 0 survivors (0K)
 Metaspace       used 12450K, capacity 12785K, committed 13056K, reserved 1060864K
  class space    used 1291K, capacity 1422K, committed 1536K, reserved 1048576K
}
Event: 0.986 GC heap after
{Heap after GC invocations=1 (full 0):
 garbage-first heap   total 260096K, used 2350K [0x0000000702000000, 0x0000000800000000)
  region size 1024K, 3 young (3072K), 3 survivors (3072K)
 Metaspace       used 12450K, capacity 12785K, committed 13056K, reserved 1060864K
  class space    used 1291K, capacity 1422K, committed 1536K, reserved 1048576K
}

Deoptimization events (20 events):
Event: 1.887 Thread 0x0000021e70b1c800 DEOPT PACKING pc=0x0000021e5c08b11c sp=0x0000004f233fd3f0
Event: 1.887 Thread 0x0000021e70b1c800 DEOPT UNPACKING pc=0x0000021e545ad8af sp=0x0000004f233fd350 mode 2
Event: 1.941 Thread 0x0000021e70b1c800 DEOPT PACKING pc=0x0000021e54db4e22 sp=0x0000004f233fdc10
Event: 1.941 Thread 0x0000021e70b1c800 DEOPT UNPACKING pc=0x0000021e545ad6ce sp=0x0000004f233fd070 mode 0
Event: 1.941 Thread 0x0000021e70b1c800 DEOPT PACKING pc=0x0000021e54db4e22 sp=0x0000004f233fdc10
Event: 1.941 Thread 0x0000021e70b1c800 DEOPT UNPACKING pc=0x0000021e545ad6ce sp=0x0000004f233fd070 mode 0
Event: 1.943 Thread 0x0000021e70b1c800 DEOPT PACKING pc=0x0000021e54db4e22 sp=0x0000004f233fdc10
Event: 1.943 Thread 0x0000021e70b1c800 DEOPT UNPACKING pc=0x0000021e545ad6ce sp=0x0000004f233fd070 mode 0
Event: 1.944 Thread 0x0000021e70b1c800 DEOPT PACKING pc=0x0000021e54db4e22 sp=0x0000004f233fdc10
Event: 1.944 Thread 0x0000021e70b1c800 DEOPT UNPACKING pc=0x0000021e545ad6ce sp=0x0000004f233fd070 mode 0
Event: 1.951 Thread 0x0000021e70b1c800 DEOPT PACKING pc=0x0000021e54db4e22 sp=0x0000004f233fdc10
Event: 1.951 Thread 0x0000021e70b1c800 DEOPT UNPACKING pc=0x0000021e545ad6ce sp=0x0000004f233fd070 mode 0
Event: 1.952 Thread 0x0000021e70b1c800 DEOPT PACKING pc=0x0000021e54db4e22 sp=0x0000004f233fdc10
Event: 1.952 Thread 0x0000021e70b1c800 DEOPT UNPACKING pc=0x0000021e545ad6ce sp=0x0000004f233fd070 mode 0
Event: 1.954 Thread 0x0000021e70b1c800 DEOPT PACKING pc=0x0000021e54db4e22 sp=0x0000004f233fdc10
Event: 1.954 Thread 0x0000021e70b1c800 DEOPT UNPACKING pc=0x0000021e545ad6ce sp=0x0000004f233fd070 mode 0
Event: 3.574 Thread 0x0000021e70c86800 Uncommon trap: trap_request=0xffffff4d fr.pc=0x0000021e5c0aa130 relative=0x0000000000000470
Event: 3.574 Thread 0x0000021e70c86800 Uncommon trap: reason=unstable_if action=reinterpret pc=0x0000021e5c0aa130 method=jdk.internal.org.objectweb.asm.Type.getArgumentsAndReturnSizes(Ljava/lang/String;)I @ 47 c2
Event: 3.574 Thread 0x0000021e70c86800 DEOPT PACKING pc=0x0000021e5c0aa130 sp=0x0000004f235fbab0
Event: 3.574 Thread 0x0000021e70c86800 DEOPT UNPACKING pc=0x0000021e545ad8af sp=0x0000004f235fba40 mode 2

Classes redefined (0 events):
No events

Internal exceptions (20 events):
Event: 0.796 Thread 0x0000021e5048a800 Exception <a 'java/lang/NoSuchMethodError'{0x0000000711260f60}: 'java.lang.Object java.lang.invoke.Invokers$Holder.linkToTargetMethod(java.lang.Object, java.lang.Object, java.lang.Object, java.lang.Object, java.lang.Object, java.lang.Object)'> (0x00000007
Event: 0.904 Thread 0x0000021e70c86800 Exception <a 'java/lang/NoSuchMethodError'{0x0000000710884598}: 'java.lang.Object java.lang.invoke.DirectMethodHandle$Holder.invokeStaticInit(java.lang.Object, java.lang.Object, java.lang.Object, java.lang.Object)'> (0x0000000710884598) thrown at [c:/Buil
Event: 0.906 Thread 0x0000021e70c86800 Exception <a 'java/lang/NullPointerException'{0x00000007108909c8}> (0x00000007108909c8) thrown at [c:/BuildAgent/work/1eae4dac1d648407/src/hotspot/share/interpreter/linkResolver.cpp, line 1358]
Event: 0.906 Thread 0x0000021e70c86800 Exception <a 'java/lang/NullPointerException'{0x00000007108909c8}> (0x00000007108909c8) thrown at [c:/BuildAgent/work/1eae4dac1d648407/src/hotspot/share/prims/jvm.cpp, line 1301]
Event: 0.934 Thread 0x0000021e70c86800 Exception <a 'java/lang/NoSuchMethodError'{0x00000007107fac48}: 'void java.lang.invoke.DirectMethodHandle$Holder.invokeSpecial(java.lang.Object, java.lang.Object, java.lang.Object, java.lang.Object, java.lang.Object)'> (0x00000007107fac48) thrown at [c:/B
Event: 0.993 Thread 0x0000021e70c86800 Exception <a 'java/lang/NoSuchMethodError'{0x0000000711d24140}: 'java.lang.Object java.lang.invoke.DirectMethodHandle$Holder.invokeStatic(java.lang.Object, java.lang.Object, java.lang.Object, java.lang.Object, java.lang.Object, java.lang.Object, java.lang
Event: 0.995 Thread 0x0000021e70c86800 Exception <a 'java/lang/NoSuchMethodError'{0x0000000711d33588}: 'java.lang.Object java.lang.invoke.DirectMethodHandle$Holder.invokeStatic(java.lang.Object, java.lang.Object, java.lang.Object, java.lang.Object, java.lang.Object, java.lang.Object, java.lang
Event: 0.997 Thread 0x0000021e70c86800 Exception <a 'java/lang/NoSuchMethodError'{0x0000000711d414a0}: 'java.lang.Object java.lang.invoke.DirectMethodHandle$Holder.invokeSpecial(java.lang.Object, java.lang.Object, int, int, java.lang.Object, java.lang.Object, java.lang.Object)'> (0x0000000711d
Event: 0.997 Thread 0x0000021e70c86800 Exception <a 'java/lang/NoSuchMethodError'{0x0000000711d44cd8}: 'java.lang.Object java.lang.invoke.DelegatingMethodHandle$Holder.reinvoke_L(java.lang.Object, int, int, java.lang.Object, java.lang.Object, java.lang.Object)'> (0x0000000711d44cd8) thrown at 
Event: 0.998 Thread 0x0000021e70c86800 Exception <a 'java/lang/NoSuchMethodError'{0x0000000711d49f50}: 'java.lang.Object java.lang.invoke.DirectMethodHandle$Holder.invokeStatic(java.lang.Object, java.lang.Object, java.lang.Object, java.lang.Object, int)'> (0x0000000711d49f50) thrown at [c:/Bui
Event: 1.147 Thread 0x0000021e70c86800 Exception <a 'java/lang/NoSuchMethodError'{0x0000000711609f40}: 'void java.lang.invoke.DirectMethodHandle$Holder.invokeStaticInit(java.lang.Object, java.lang.Object)'> (0x0000000711609f40) thrown at [c:/BuildAgent/work/1eae4dac1d648407/src/hotspot/share/i
Event: 1.319 Thread 0x0000021e70c86800 Implicit null exception at 0x0000021e5c090ef3 to 0x0000021e5c090f8e
Event: 1.424 Thread 0x0000021e70c86800 Exception <a 'java/lang/NoSuchMethodError'{0x0000000710b0f730}: 'void java.lang.invoke.DirectMethodHandle$Holder.invokeSpecial(java.lang.Object, java.lang.Object, java.lang.Object, java.lang.Object)'> (0x0000000710b0f730) thrown at [c:/BuildAgent/work/1ea
Event: 1.619 Thread 0x0000021e70c86800 Exception <a 'java/lang/NoSuchMethodError'{0x000000071065f030}: 'java.lang.Object java.lang.invoke.Invokers$Holder.linkToTargetMethod(java.lang.Object, int, java.lang.Object)'> (0x000000071065f030) thrown at [c:/BuildAgent/work/1eae4dac1d648407/src/hotspo
Event: 1.644 Thread 0x0000021e70c86800 Exception <a 'java/lang/NoSuchMethodError'{0x000000071021b038}: 'java.lang.Object java.lang.invoke.DirectMethodHandle$Holder.invokeInterface(java.lang.Object, java.lang.Object, java.lang.Object)'> (0x000000071021b038) thrown at [c:/BuildAgent/work/1eae4da
Event: 1.644 Thread 0x0000021e70c86800 Exception <a 'java/lang/IncompatibleClassChangeError'{0x000000071021e1f0}: Found class java.lang.Object, but interface was expected> (0x000000071021e1f0) thrown at [c:/BuildAgent/work/1eae4dac1d648407/src/hotspot/share/interpreter/linkResolver.cpp, line 8
Event: 1.784 Thread 0x0000021e70b1c800 Exception <a 'java/lang/NoSuchMethodError'{0x000000070ff248f8}: 'int java.lang.invoke.DirectMethodHandle$Holder.invokeStaticInit(java.lang.Object, java.lang.Object)'> (0x000000070ff248f8) thrown at [c:/BuildAgent/work/1eae4dac1d648407/src/hotspot/share/in
Event: 3.575 Thread 0x0000021e70c86800 Exception <a 'java/lang/NoSuchMethodError'{0x000000070fbe21a0}: 'long java.lang.invoke.DirectMethodHandle$Holder.invokeStaticInit(java.lang.Object, java.lang.Object, java.lang.Object)'> (0x000000070fbe21a0) thrown at [c:/BuildAgent/work/1eae4dac1d648407/s
Event: 3.581 Thread 0x0000021e70c86800 Exception <a 'java/lang/NoSuchMethodError'{0x000000070fbfa7e8}: 'java.lang.Object java.lang.invoke.DirectMethodHandle$Holder.invokeStatic(java.lang.Object, java.lang.Object, long)'> (0x000000070fbfa7e8) thrown at [c:/BuildAgent/work/1eae4dac1d648407/src/h
Event: 3.582 Thread 0x0000021e70c86800 Exception <a 'java/lang/NoSuchMethodError'{0x000000070fa01478}: 'java.lang.Object java.lang.invoke.Invokers$Holder.linkToTargetMethod(java.lang.Object, long, java.lang.Object)'> (0x000000070fa01478) thrown at [c:/BuildAgent/work/1eae4dac1d648407/src/hotsp

Events (20 events):
Event: 3.747 loading class com/sun/javafx/tk/quantum/GlassScene done
Event: 3.747 loading class com/sun/javafx/tk/quantum/WindowStage
Event: 3.747 loading class com/sun/javafx/tk/quantum/WindowStage done
Event: 3.749 loading class com/sun/prism/GraphicsResource
Event: 3.749 loading class com/sun/prism/GraphicsResource done
Event: 3.749 loading class com/sun/prism/GraphicsResource
Event: 3.749 loading class com/sun/prism/GraphicsResource done
Event: 3.750 loading class com/sun/javafx/tk/quantum/ViewScene
Event: 3.750 loading class com/sun/javafx/tk/quantum/ViewScene done
Event: 3.770 loading class com/sun/javafx/tk/quantum/QuantumToolkit
Event: 3.770 loading class com/sun/javafx/tk/quantum/QuantumToolkit done
Event: 3.770 loading class com/sun/javafx/tk/quantum/QuantumToolkit
Event: 3.770 loading class com/sun/javafx/tk/quantum/QuantumToolkit done
Event: 3.772 loading class com/sun/javafx/tk/RenderJob
Event: 3.772 loading class com/sun/javafx/tk/RenderJob done
Event: 3.795 Executing VM operation: RevokeBias
Event: 3.795 Executing VM operation: RevokeBias done
Event: 3.797 loading class Game/Game
Event: 3.797 loading class Game/Game done
Event: 3.808 Executing VM operation: ChangeBreakpoints


Dynamic libraries:
0x00007ff75a580000 - 0x00007ff75a58a000 	C:\Program Files\JetBrains\IntelliJ IDEA 2019.3.1\jbr\bin\java.exe
0x00007ffb00f40000 - 0x00007ffb01130000 	C:\WINDOWS\SYSTEM32\ntdll.dll
0x00007ffb00d10000 - 0x00007ffb00dc2000 	C:\WINDOWS\System32\KERNEL32.DLL
0x00007ffafe4c0000 - 0x00007ffafe763000 	C:\WINDOWS\System32\KERNELBASE.dll
0x00007ffafe310000 - 0x00007ffafe40a000 	C:\WINDOWS\System32\ucrtbase.dll
0x00007ffae7c50000 - 0x00007ffae7c67000 	C:\Program Files\JetBrains\IntelliJ IDEA 2019.3.1\jbr\bin\VCRUNTIME140.dll
0x00007ffae8110000 - 0x00007ffae8129000 	C:\Program Files\JetBrains\IntelliJ IDEA 2019.3.1\jbr\bin\jli.dll
0x00007ffaffcb0000 - 0x00007ffaffe44000 	C:\WINDOWS\System32\USER32.dll
0x00007ffafe2c0000 - 0x00007ffafe2e1000 	C:\WINDOWS\System32\win32u.dll
0x00007ffaff230000 - 0x00007ffaff256000 	C:\WINDOWS\System32\GDI32.dll
0x00007ffaf65b0000 - 0x00007ffaf6835000 	C:\WINDOWS\WinSxS\amd64_microsoft.windows.common-controls_6595b64144ccf1df_6.0.18362.778_none_e6c6b761130d4fb8\COMCTL32.dll
0x00007ffafe120000 - 0x00007ffafe2b4000 	C:\WINDOWS\System32\gdi32full.dll
0x00007ffafeff0000 - 0x00007ffaff08e000 	C:\WINDOWS\System32\msvcrt.dll
0x00007ffafdf30000 - 0x00007ffafdfce000 	C:\WINDOWS\System32\msvcp_win.dll
0x00007ffaff690000 - 0x00007ffaff9c6000 	C:\WINDOWS\System32\combase.dll
0x00007ffaff260000 - 0x00007ffaff380000 	C:\WINDOWS\System32\RPCRT4.dll
0x00007ffafe440000 - 0x00007ffafe4c0000 	C:\WINDOWS\System32\bcryptPrimitives.dll
0x00007ffaffec0000 - 0x00007ffaffeee000 	C:\WINDOWS\System32\IMM32.DLL
0x00007ffae5ac0000 - 0x00007ffae5b5d000 	C:\Program Files\JetBrains\IntelliJ IDEA 2019.3.1\jbr\bin\msvcp140.dll
0x00007ffa90d90000 - 0x00007ffa9184d000 	C:\Program Files\JetBrains\IntelliJ IDEA 2019.3.1\jbr\bin\server\jvm.dll
0x00007ffaffb50000 - 0x00007ffaffbf3000 	C:\WINDOWS\System32\ADVAPI32.dll
0x00007ffb00c70000 - 0x00007ffb00d07000 	C:\WINDOWS\System32\sechost.dll
0x00007ffaffac0000 - 0x00007ffaffac8000 	C:\WINDOWS\System32\PSAPI.DLL
0x00007ffae5440000 - 0x00007ffae5449000 	C:\WINDOWS\SYSTEM32\WSOCK32.dll
0x00007ffaf4660000 - 0x00007ffaf4684000 	C:\WINDOWS\SYSTEM32\WINMM.dll
0x00007ffaf5f00000 - 0x00007ffaf5f0a000 	C:\WINDOWS\SYSTEM32\VERSION.dll
0x00007ffaffe50000 - 0x00007ffaffebf000 	C:\WINDOWS\System32\WS2_32.dll
0x00007ffaf4630000 - 0x00007ffaf465d000 	C:\WINDOWS\SYSTEM32\winmmbase.dll
0x00007ffafe770000 - 0x00007ffafe7ba000 	C:\WINDOWS\System32\cfgmgr32.dll
0x00007ffafdeb0000 - 0x00007ffafdec1000 	C:\WINDOWS\System32\kernel.appcore.dll
0x00007ffafa130000 - 0x00007ffafa141000 	C:\Program Files\JetBrains\IntelliJ IDEA 2019.3.1\jbr\bin\verify.dll
0x00007ffafc590000 - 0x00007ffafc784000 	C:\WINDOWS\SYSTEM32\DBGHELP.DLL
0x00007ffae0740000 - 0x00007ffae076a000 	C:\WINDOWS\SYSTEM32\dbgcore.DLL
0x00007ffaf9a70000 - 0x00007ffaf9a99000 	C:\Program Files\JetBrains\IntelliJ IDEA 2019.3.1\jbr\bin\java.dll
0x00007ffaebca0000 - 0x00007ffaebcd8000 	C:\Program Files\JetBrains\IntelliJ IDEA 2019.3.1\jbr\bin\jdwp.dll
0x00007ffafa030000 - 0x00007ffafa03f000 	C:\Program Files\JetBrains\IntelliJ IDEA 2019.3.1\jbr\bin\instrument.dll
0x00007ffaf45e0000 - 0x00007ffaf45f8000 	C:\Program Files\JetBrains\IntelliJ IDEA 2019.3.1\jbr\bin\zip.dll
0x00007ffaf4f00000 - 0x00007ffaf4f0b000 	C:\Program Files\JetBrains\IntelliJ IDEA 2019.3.1\jbr\bin\jimage.dll
0x00007ffb00580000 - 0x00007ffb00c65000 	C:\WINDOWS\System32\SHELL32.dll
0x00007ffaffc00000 - 0x00007ffaffca9000 	C:\WINDOWS\System32\shcore.dll
0x00007ffafe7c0000 - 0x00007ffafef40000 	C:\WINDOWS\System32\windows.storage.dll
0x00007ffafde30000 - 0x00007ffafde53000 	C:\WINDOWS\System32\profapi.dll
0x00007ffafde60000 - 0x00007ffafdeaa000 	C:\WINDOWS\System32\powrprof.dll
0x00007ffafde00000 - 0x00007ffafde10000 	C:\WINDOWS\System32\UMPDC.dll
0x00007ffaff090000 - 0x00007ffaff0e2000 	C:\WINDOWS\System32\shlwapi.dll
0x00007ffafe2f0000 - 0x00007ffafe307000 	C:\WINDOWS\System32\cryptsp.dll
0x00007ffaf7930000 - 0x00007ffaf793b000 	C:\Program Files\JetBrains\IntelliJ IDEA 2019.3.1\jbr\bin\dt_socket.dll
0x00007ffafd670000 - 0x00007ffafd6d7000 	C:\WINDOWS\system32\mswsock.dll
0x00007ffaf41f0000 - 0x00007ffaf420a000 	C:\Program Files\JetBrains\IntelliJ IDEA 2019.3.1\jbr\bin\net.dll
0x00007ffaf64c0000 - 0x00007ffaf65b0000 	C:\WINDOWS\SYSTEM32\WINHTTP.dll
0x00007ffaf41d0000 - 0x00007ffaf41e4000 	C:\Program Files\JetBrains\IntelliJ IDEA 2019.3.1\jbr\bin\nio.dll
0x0000021e4e380000 - 0x0000021e4e383000 	C:\Program Files\JetBrains\IntelliJ IDEA 2019.3.1\jbr\bin\api-ms-win-core-console-l1-1-0.dll
0x0000021e4e390000 - 0x0000021e4e393000 	C:\Program Files\JetBrains\IntelliJ IDEA 2019.3.1\jbr\bin\api-ms-win-core-datetime-l1-1-0.dll
0x0000021e4e630000 - 0x0000021e4e633000 	C:\Program Files\JetBrains\IntelliJ IDEA 2019.3.1\jbr\bin\api-ms-win-core-debug-l1-1-0.dll
0x0000021e503a0000 - 0x0000021e503a3000 	C:\Program Files\JetBrains\IntelliJ IDEA 2019.3.1\jbr\bin\api-ms-win-core-errorhandling-l1-1-0.dll
0x0000021e503b0000 - 0x0000021e503b4000 	C:\Program Files\JetBrains\IntelliJ IDEA 2019.3.1\jbr\bin\api-ms-win-core-file-l1-1-0.dll
0x0000021e503c0000 - 0x0000021e503c3000 	C:\Program Files\JetBrains\IntelliJ IDEA 2019.3.1\jbr\bin\api-ms-win-core-file-l1-2-0.dll
0x0000021e503d0000 - 0x0000021e503d3000 	C:\Program Files\JetBrains\IntelliJ IDEA 2019.3.1\jbr\bin\api-ms-win-core-file-l2-1-0.dll
0x0000021e503e0000 - 0x0000021e503e3000 	C:\Program Files\JetBrains\IntelliJ IDEA 2019.3.1\jbr\bin\api-ms-win-core-handle-l1-1-0.dll
0x0000021e503f0000 - 0x0000021e503f3000 	C:\Program Files\JetBrains\IntelliJ IDEA 2019.3.1\jbr\bin\api-ms-win-core-heap-l1-1-0.dll
0x0000021e50400000 - 0x0000021e50403000 	C:\Program Files\JetBrains\IntelliJ IDEA 2019.3.1\jbr\bin\api-ms-win-core-interlocked-l1-1-0.dll
0x0000021e50410000 - 0x0000021e50413000 	C:\Program Files\JetBrains\IntelliJ IDEA 2019.3.1\jbr\bin\api-ms-win-core-libraryloader-l1-1-0.dll
0x0000021e50420000 - 0x0000021e50423000 	C:\Program Files\JetBrains\IntelliJ IDEA 2019.3.1\jbr\bin\api-ms-win-core-localization-l1-2-0.dll
0x0000021e50430000 - 0x0000021e50433000 	C:\Program Files\JetBrains\IntelliJ IDEA 2019.3.1\jbr\bin\api-ms-win-core-memory-l1-1-0.dll
0x0000021e50440000 - 0x0000021e50443000 	C:\Program Files\JetBrains\IntelliJ IDEA 2019.3.1\jbr\bin\api-ms-win-core-namedpipe-l1-1-0.dll
0x0000021e50450000 - 0x0000021e50453000 	C:\Program Files\JetBrains\IntelliJ IDEA 2019.3.1\jbr\bin\api-ms-win-core-processenvironment-l1-1-0.dll
0x0000021e71020000 - 0x0000021e71023000 	C:\Program Files\JetBrains\IntelliJ IDEA 2019.3.1\jbr\bin\api-ms-win-core-processthreads-l1-1-0.dll
0x0000021e71030000 - 0x0000021e71033000 	C:\Program Files\JetBrains\IntelliJ IDEA 2019.3.1\jbr\bin\api-ms-win-core-processthreads-l1-1-1.dll
0x0000021e71040000 - 0x0000021e71043000 	C:\Program Files\JetBrains\IntelliJ IDEA 2019.3.1\jbr\bin\api-ms-win-core-profile-l1-1-0.dll
0x0000021e71050000 - 0x0000021e71053000 	C:\Program Files\JetBrains\IntelliJ IDEA 2019.3.1\jbr\bin\api-ms-win-core-rtlsupport-l1-1-0.dll
0x0000021e71060000 - 0x0000021e71063000 	C:\Program Files\JetBrains\IntelliJ IDEA 2019.3.1\jbr\bin\api-ms-win-core-string-l1-1-0.dll
0x0000021e71070000 - 0x0000021e71073000 	C:\Program Files\JetBrains\IntelliJ IDEA 2019.3.1\jbr\bin\api-ms-win-core-synch-l1-1-0.dll
0x0000021e71080000 - 0x0000021e71083000 	C:\Program Files\JetBrains\IntelliJ IDEA 2019.3.1\jbr\bin\api-ms-win-core-synch-l1-2-0.dll
0x0000021e71090000 - 0x0000021e71093000 	C:\Program Files\JetBrains\IntelliJ IDEA 2019.3.1\jbr\bin\api-ms-win-core-sysinfo-l1-1-0.dll
0x0000021e710a0000 - 0x0000021e710a3000 	C:\Program Files\JetBrains\IntelliJ IDEA 2019.3.1\jbr\bin\api-ms-win-core-timezone-l1-1-0.dll
0x0000021e710b0000 - 0x0000021e710b3000 	C:\Program Files\JetBrains\IntelliJ IDEA 2019.3.1\jbr\bin\api-ms-win-core-util-l1-1-0.dll
0x0000021e710c0000 - 0x0000021e710c3000 	C:\Program Files\JetBrains\IntelliJ IDEA 2019.3.1\jbr\bin\api-ms-win-crt-conio-l1-1-0.dll
0x0000021e710d0000 - 0x0000021e710d4000 	C:\Program Files\JetBrains\IntelliJ IDEA 2019.3.1\jbr\bin\api-ms-win-crt-convert-l1-1-0.dll
0x0000021e710e0000 - 0x0000021e710e3000 	C:\Program Files\JetBrains\IntelliJ IDEA 2019.3.1\jbr\bin\api-ms-win-crt-environment-l1-1-0.dll
0x0000021e710f0000 - 0x0000021e710f3000 	C:\Program Files\JetBrains\IntelliJ IDEA 2019.3.1\jbr\bin\api-ms-win-crt-filesystem-l1-1-0.dll
0x0000021e71100000 - 0x0000021e71103000 	C:\Program Files\JetBrains\IntelliJ IDEA 2019.3.1\jbr\bin\api-ms-win-crt-heap-l1-1-0.dll
0x0000021e71110000 - 0x0000021e71113000 	C:\Program Files\JetBrains\IntelliJ IDEA 2019.3.1\jbr\bin\api-ms-win-crt-locale-l1-1-0.dll
0x0000021e71120000 - 0x0000021e71125000 	C:\Program Files\JetBrains\IntelliJ IDEA 2019.3.1\jbr\bin\api-ms-win-crt-math-l1-1-0.dll
0x0000021e71130000 - 0x0000021e71135000 	C:\Program Files\JetBrains\IntelliJ IDEA 2019.3.1\jbr\bin\api-ms-win-crt-multibyte-l1-1-0.dll
0x0000021e71140000 - 0x0000021e71150000 	C:\Program Files\JetBrains\IntelliJ IDEA 2019.3.1\jbr\bin\api-ms-win-crt-private-l1-1-0.dll
0x0000021e71150000 - 0x0000021e71153000 	C:\Program Files\JetBrains\IntelliJ IDEA 2019.3.1\jbr\bin\api-ms-win-crt-process-l1-1-0.dll
0x0000021e71160000 - 0x0000021e71164000 	C:\Program Files\JetBrains\IntelliJ IDEA 2019.3.1\jbr\bin\api-ms-win-crt-runtime-l1-1-0.dll
0x0000021e71170000 - 0x0000021e71174000 	C:\Program Files\JetBrains\IntelliJ IDEA 2019.3.1\jbr\bin\api-ms-win-crt-stdio-l1-1-0.dll
0x0000021e71180000 - 0x0000021e71184000 	C:\Program Files\JetBrains\IntelliJ IDEA 2019.3.1\jbr\bin\api-ms-win-crt-string-l1-1-0.dll
0x0000021e71190000 - 0x0000021e71193000 	C:\Program Files\JetBrains\IntelliJ IDEA 2019.3.1\jbr\bin\api-ms-win-crt-time-l1-1-0.dll
0x0000021e711a0000 - 0x0000021e711a3000 	C:\Program Files\JetBrains\IntelliJ IDEA 2019.3.1\jbr\bin\api-ms-win-crt-utility-l1-1-0.dll
0x00007ffaebba0000 - 0x00007ffaebc9a000 	C:\Program Files\JetBrains\IntelliJ IDEA 2019.3.1\jbr\bin\ucrtbase.dll
0x00007ffaeb9e0000 - 0x00007ffaeba31000 	C:\Windows\System32\concrt140.dll
0x00007ffaebcf0000 - 0x00007ffaebd13000 	C:\Program Files\JetBrains\IntelliJ IDEA 2019.3.1\jbr\bin\prism_d3d.dll
0x00007ffaf27b0000 - 0x00007ffaf2977000 	C:\WINDOWS\system32\d3d9.dll
0x00007ffafc1f0000 - 0x00007ffafc21d000 	C:\WINDOWS\SYSTEM32\dwmapi.dll
0x00007ffafca70000 - 0x00007ffafca90000 	C:\WINDOWS\SYSTEM32\dxcore.dll
0x00007ffafb670000 - 0x00007ffafb709000 	C:\WINDOWS\system32\uxtheme.dll
0x00007ffac3510000 - 0x00007ffac3674000 	C:\WINDOWS\System32\DriverStore\FileRepository\iigd_dch.inf_amd64_dbe5409d82f02c3f\igdumdim64.dll
0x00007ffabf530000 - 0x00007ffac350a000 	C:\WINDOWS\System32\DriverStore\FileRepository\iigd_dch.inf_amd64_dbe5409d82f02c3f\igd9dxva64.dll
0x00007ffaff4d0000 - 0x00007ffaff627000 	C:\WINDOWS\System32\ole32.dll
0x00007ffaff9f0000 - 0x00007ffaffab4000 	C:\WINDOWS\System32\OLEAUT32.dll
0x00007ffaeef90000 - 0x00007ffaef134000 	C:\WINDOWS\System32\DriverStore\FileRepository\iigd_dch.inf_amd64_dbe5409d82f02c3f\igdgmm64.dll
0x00007ffaeb990000 - 0x00007ffaeb9d5000 	C:\Program Files\JetBrains\IntelliJ IDEA 2019.3.1\jbr\bin\glass.dll
0x00007ffb00dd0000 - 0x00007ffb00ea0000 	C:\WINDOWS\System32\COMDLG32.dll
0x00007ffaff0f0000 - 0x00007ffaff226000 	C:\WINDOWS\System32\MSCTF.dll
0x00007ffad46a0000 - 0x00007ffad46c6000 	C:\WINDOWS\System32\DriverStore\FileRepository\iigd_dch.inf_amd64_dbe5409d82f02c3f\igdinfo64.dll
0x00007ffaec4b0000 - 0x00007ffaee94b000 	C:\WINDOWS\System32\DriverStore\FileRepository\iigd_dch.inf_amd64_dbe5409d82f02c3f\igc64.dll
0x00007ffaebb80000 - 0x00007ffaebb94000 	C:\Program Files\JetBrains\IntelliJ IDEA 2019.3.1\jbr\bin\javafx_font.dll
0x00007ffad3d10000 - 0x00007ffad3eb2000 	C:\Program Files\JetBrains\IntelliJ IDEA 2019.3.1\jbr\bin\awt.dll
0x00007ffafb530000 - 0x00007ffafb5bf000 	C:\WINDOWS\SYSTEM32\apphelp.dll
0x00007ffaf4130000 - 0x00007ffaf41b5000 	C:\Program Files\JetBrains\IntelliJ IDEA 2019.3.1\jbr\bin\freetype.dll
0x00007ffae8130000 - 0x00007ffae81d8000 	C:\Program Files\JetBrains\IntelliJ IDEA 2019.3.1\jbr\bin\fontmanager.dll
0x00007ffaeea70000 - 0x00007ffaeed6e000 	C:\WINDOWS\SYSTEM32\dwrite.dll
0x00007ffaff3a0000 - 0x00007ffaff442000 	C:\WINDOWS\System32\clbcatq.dll
0x00007ffaf39e0000 - 0x00007ffaf3b8f000 	C:\WINDOWS\SYSTEM32\WindowsCodecs.dll
0x00007ffac46e0000 - 0x00007ffac471a000 	C:\WINDOWS\system32\dataexchange.dll
0x00007ffafa710000 - 0x00007ffafa96b000 	C:\WINDOWS\system32\d3d11.dll
0x00007ffafadd0000 - 0x00007ffafafac000 	C:\WINDOWS\system32\dcomp.dll
0x00007ffafcb00000 - 0x00007ffafcbeb000 	C:\WINDOWS\system32\dxgi.dll
0x00007ffafbea0000 - 0x00007ffafc0fa000 	C:\WINDOWS\system32\twinapi.appcore.dll
0x00007ffafc3b0000 - 0x00007ffafc3d9000 	C:\WINDOWS\system32\RMCLIENT.dll
0x00007ffaeb950000 - 0x00007ffaeb983000 	C:\Program Files\Common Files\Microsoft Shared\Ink\rtscom.dll
0x00007ffaf36c0000 - 0x00007ffaf375e000 	C:\WINDOWS\System32\TextInputFramework.dll
0x00007ffaf3ca0000 - 0x00007ffaf3fca000 	C:\WINDOWS\System32\CoreUIComponents.dll
0x00007ffafb320000 - 0x00007ffafb3f4000 	C:\WINDOWS\System32\CoreMessaging.dll
0x00007ffafce60000 - 0x00007ffafce91000 	C:\WINDOWS\SYSTEM32\ntmarta.dll
0x00007ffaf94c0000 - 0x00007ffaf9613000 	C:\WINDOWS\SYSTEM32\wintypes.dll

dbghelp: loaded successfully - version: 4.0.5 - missing functions: none
symbol engine: initialized successfully - sym options: 0x614 - pdb path: .;C:\Program Files\JetBrains\IntelliJ IDEA 2019.3.1\jbr\bin;C:\WINDOWS\SYSTEM32;C:\WINDOWS\WinSxS\amd64_microsoft.windows.common-controls_6595b64144ccf1df_6.0.18362.778_none_e6c6b761130d4fb8;C:\Program Files\JetBrains\IntelliJ IDEA 2019.3.1\jbr\bin\server;C:\WINDOWS\System32\DriverStore\FileRepository\iigd_dch.inf_amd64_dbe5409d82f02c3f;C:\Program Files\Common Files\Microsoft Shared\Ink

VM Arguments:
jvm_args: -agentlib:jdwp=transport=dt_socket,address=127.0.0.1:54640,suspend=y,server=n -javaagent:C:\Users\Alex\AppData\Local\JetBrains\IntelliJIdea2020.1\captureAgent\debugger-agent.jar -Dfile.encoding=UTF-8 
java_command: SnakeGame
java_class_path (initial): C:\Users\Alex\IdeaProjects\Snake\out\production\Snake;C:\Program Files\JetBrains\IntelliJ IDEA 2019.3.1\lib\idea_rt.jar
Launcher Type: SUN_STANDARD

[Global flags]
     intx CICompilerCount                          = 4                                         {product} {ergonomic}
     uint ConcGCThreads                            = 2                                         {product} {ergonomic}
     uint G1ConcRefinementThreads                  = 8                                         {product} {ergonomic}
   size_t G1HeapRegionSize                         = 1048576                                   {product} {ergonomic}
    uintx GCDrainStackTargetSize                   = 64                                        {product} {ergonomic}
   size_t InitialHeapSize                          = 266338304                                 {product} {ergonomic}
   size_t MarkStackSize                            = 4194304                                   {product} {ergonomic}
   size_t MaxHeapSize                              = 4261412864                                {product} {ergonomic}
   size_t MaxNewSize                               = 2556428288                                {product} {ergonomic}
   size_t MinHeapDeltaBytes                        = 1048576                                   {product} {ergonomic}
    uintx NonNMethodCodeHeapSize                   = 5836300                                {pd product} {ergonomic}
    uintx NonProfiledCodeHeapSize                  = 122910970                              {pd product} {ergonomic}
    uintx ProfiledCodeHeapSize                     = 122910970                              {pd product} {ergonomic}
    uintx ReservedCodeCacheSize                    = 251658240                              {pd product} {ergonomic}
     bool SegmentedCodeCache                       = true                                      {product} {ergonomic}
     bool UseCompressedClassPointers               = true                                 {lp64_product} {ergonomic}
     bool UseCompressedOops                        = true                                 {lp64_product} {ergonomic}
     bool UseG1GC                                  = true                                      {product} {ergonomic}
     bool UseLargePagesIndividualAllocation        = false                                  {pd product} {ergonomic}

Logging:
Log output configuration:
 #0: stdout all=warning uptime,level,tags
 #1: stderr all=off uptime,level,tags

Environment Variables:
PATH=C:\Program Files\Python\Scripts\;C:\Program Files\Python\;C:\Program Files (x86)\Common Files\Oracle\Java\javapath;C:\Program Files (x86)\Common Files\Intel\Shared Libraries\redist\intel64\compiler;C:\Windows\system32;C:\Windows;C:\Windows\System32\Wbem;C:\Windows\System32\WindowsPowerShell\v1.0\;C:\Windows\System32\OpenSSH\;C:\Program Files (x86)\hla;C:\hla;C:\Program Files (x86)\Microsoft SQL Server\100\Tools\Binn\;C:\Program Files\Microsoft SQL Server\100\Tools\Binn\;C:\Program Files\Microsoft SQL Server\100\DTS\Binn\;C:\Program Files (x86)\Gpg4win\..\GnuPG\bin;C:\Program Files\NVIDIA Corporation\NVIDIA NvDLISR;C:\WINDOWS\system32;C:\WINDOWS;C:\WINDOWS\System32\Wbem;C:\WINDOWS\System32\WindowsPowerShell\v1.0\;C:\WINDOWS\System32\OpenSSH\;C:\Program Files\Intel\WiFi\bin\;C:\Program Files\Common Files\Intel\WirelessCommon\;C:\Program Files\dotnet\;C:\Program Files (x86)\Intel\Intel(R) Management Engine Components\DAL;C:\Program Files\Intel\Intel(R) Management Engine Components\DAL;C:\WINDOWS\system32;C:\WINDOWS;C:\WINDOWS\System32\Wbem;C:\WINDOWS\System32\WindowsPowerShell\v1.0\;C:\WINDOWS\System32\OpenSSH\;C:\Program Files\Git\cmd;C:\Program Files (x86)\NVIDIA Corporation\PhysX\Common;C:\Program Files (x86)\PuTTY\;C:\Users\Alex\AppData\Local\Microsoft\WindowsApps;C:\Program Files\Intel\WiFi\bin\;C:\Program Files\Common Files\Intel\WirelessCommon\;C:\Users\Alex\AppData\Local\Microsoft\WindowsApps;C:\Program Files (x86)\FAHClient
USERNAME=Alex
OS=Windows_NT
PROCESSOR_IDENTIFIER=Intel64 Family 6 Model 158 Stepping 9, GenuineIntel



---------------  S Y S T E M  ---------------

OS: Windows 10 , 64 bit Build 18362 (10.0.18362.778)

CPU:total 8 (initial active 8) (4 cores per cpu, 2 threads per core) family 6 model 158 stepping 9, cmov, cx8, fxsr, mmx, sse, sse2, sse3, ssse3, sse4.1, sse4.2, popcnt, avx, avx2, aes, clmul, erms, 3dnowpref, lzcnt, ht, tsc, tscinvbit, bmi1, bmi2, adx, fma

Memory: 4k page, system-wide physical 16249M (8688M free)
TotalPageFile size 18681M (AvailPageFile size 8058M)
current process WorkingSet (physical memory assigned to process): 207M, peak: 208M
current process commit charge ("private bytes"): 456M, peak: 457M

vm_info: OpenJDK 64-Bit Server VM (11.0.6+8-b765.25) for windows-amd64 JRE (11.0.6+8-b765.25), built on Mar 30 2020 12:57:22 by "" with MS VC++ 14.0 (VS2015)

END.
